{
  "RSpec": {
    "coverage": {
      "/Users/erikriggs/turing_work/3mod/lessons/auth/viewing_party_lite_1/app/models/user.rb": {
        "lines": [
          null,
          null,
          1,
          1,
          1,
          null,
          1,
          null,
          1,
          1,
          null
        ]
      },
      "/Users/erikriggs/turing_work/3mod/lessons/auth/viewing_party_lite_1/app/models/application_record.rb": {
        "lines": [
          null,
          null,
          1,
          1,
          null
        ]
      },
      "/Users/erikriggs/turing_work/3mod/lessons/auth/viewing_party_lite_1/app/models/party.rb": {
        "lines": [
          null,
          null,
          1,
          1,
          1,
          1,
          null
        ]
      },
      "/Users/erikriggs/turing_work/3mod/lessons/auth/viewing_party_lite_1/app/models/user_party.rb": {
        "lines": [
          null,
          null,
          1,
          1,
          1,
          null
        ]
      },
      "/Users/erikriggs/turing_work/3mod/lessons/auth/viewing_party_lite_1/app/helpers/application_helper.rb": {
        "lines": [
          null,
          null,
          1,
          null
        ]
      },
      "/Users/erikriggs/turing_work/3mod/lessons/auth/viewing_party_lite_1/app/poros/cast.rb": {
        "lines": [
          null,
          null,
          1,
          1,
          null,
          null,
          1,
          648,
          648,
          null,
          null
        ]
      },
      "/Users/erikriggs/turing_work/3mod/lessons/auth/viewing_party_lite_1/app/poros/movie.rb": {
        "lines": [
          null,
          null,
          1,
          1,
          null,
          null,
          null,
          null,
          null,
          null,
          null,
          null,
          1,
          146,
          146,
          146,
          146,
          146,
          146,
          146,
          146,
          null,
          null,
          1,
          7,
          7,
          7,
          null,
          null,
          1,
          8,
          8,
          23,
          null,
          null,
          8,
          null,
          null
        ]
      },
      "/Users/erikriggs/turing_work/3mod/lessons/auth/viewing_party_lite_1/app/poros/review.rb": {
        "lines": [
          null,
          null,
          1,
          1,
          null,
          null,
          1,
          60,
          60,
          null,
          null
        ]
      },
      "/Users/erikriggs/turing_work/3mod/lessons/auth/viewing_party_lite_1/app/services/movie_service.rb": {
        "lines": [
          null,
          null,
          1,
          1,
          38,
          38,
          null,
          null,
          1,
          4,
          4,
          null,
          null,
          1,
          4,
          4,
          null,
          null,
          1,
          7,
          7,
          null,
          null,
          1,
          7,
          7,
          null,
          null,
          1,
          60,
          60,
          null,
          null,
          null,
          1,
          60,
          null,
          null
        ]
      },
      "/Users/erikriggs/turing_work/3mod/lessons/auth/viewing_party_lite_1/app/facades/movie_facade.rb": {
        "lines": [
          null,
          null,
          1,
          1,
          37,
          37,
          null,
          null,
          1,
          3,
          3,
          60,
          null,
          null,
          null,
          1,
          3,
          3,
          42,
          null,
          null,
          null,
          1,
          6,
          6,
          422,
          null,
          null,
          null,
          1,
          6,
          6,
          38,
          null,
          null,
          null
        ]
      },
      "/Users/erikriggs/turing_work/3mod/lessons/auth/viewing_party_lite_1/app/controllers/landings_controller.rb": {
        "lines": [
          null,
          null,
          1,
          1,
          4,
          null,
          null
        ]
      },
      "/Users/erikriggs/turing_work/3mod/lessons/auth/viewing_party_lite_1/app/controllers/application_controller.rb": {
        "lines": [
          null,
          null,
          1,
          null
        ]
      },
      "/Users/erikriggs/turing_work/3mod/lessons/auth/viewing_party_lite_1/app/controllers/users_controller.rb": {
        "lines": [
          null,
          null,
          1,
          1,
          9,
          9,
          28,
          null,
          null,
          null,
          1,
          6,
          null,
          null,
          1,
          3,
          3,
          1,
          1,
          2,
          0,
          0,
          null,
          2,
          null,
          null,
          null,
          1,
          null,
          null,
          1,
          2,
          2,
          1,
          1,
          1,
          null,
          1,
          1,
          null,
          null,
          null,
          1,
          null,
          1,
          3,
          null,
          null
        ]
      },
      "/Users/erikriggs/turing_work/3mod/lessons/auth/viewing_party_lite_1/app/controllers/discover_controller.rb": {
        "lines": [
          null,
          null,
          1,
          1,
          7,
          null,
          null
        ]
      },
      "/Users/erikriggs/turing_work/3mod/lessons/auth/viewing_party_lite_1/app/controllers/movies_controller.rb": {
        "lines": [
          null,
          null,
          1,
          1,
          5,
          5,
          5,
          5,
          null,
          null,
          1,
          4,
          2,
          null,
          2,
          null,
          4,
          null,
          null
        ]
      },
      "/Users/erikriggs/turing_work/3mod/lessons/auth/viewing_party_lite_1/app/controllers/parties_controller.rb": {
        "lines": [
          null,
          null,
          1,
          1,
          2,
          2,
          2,
          null,
          null,
          1,
          1,
          1,
          1,
          1,
          1,
          1,
          null,
          1,
          3,
          null,
          1,
          null,
          null,
          null,
          1,
          null,
          1,
          1,
          null,
          null
        ]
      },
      "/Users/erikriggs/turing_work/3mod/lessons/auth/viewing_party_lite_1/app/mailers/application_mailer.rb": {
        "lines": [
          null,
          null,
          0,
          0,
          0,
          0
        ],
        "branches": {
        }
      },
      "/Users/erikriggs/turing_work/3mod/lessons/auth/viewing_party_lite_1/app/jobs/application_job.rb": {
        "lines": [
          null,
          null,
          0,
          0
        ],
        "branches": {
        }
      },
      "/Users/erikriggs/turing_work/3mod/lessons/auth/viewing_party_lite_1/app/channels/application_cable/connection.rb": {
        "lines": [
          null,
          null,
          0,
          0,
          0,
          0
        ],
        "branches": {
        }
      },
      "/Users/erikriggs/turing_work/3mod/lessons/auth/viewing_party_lite_1/app/channels/application_cable/channel.rb": {
        "lines": [
          null,
          null,
          0,
          0,
          0,
          0
        ],
        "branches": {
        }
      }
    },
    "timestamp": 1666661825
  }
}
